Служебная программа PnP (Майкрософт)

Добавляется пакет драйвера:  AlderLakeDmaSecExtension.inf
Пакет драйвера успешно добавлен.
Опубликованное имя:         oem15.inf

Общее число пакетов драйверов:  1
Добавленные пакеты драйверов:  1
Служебная программа PnP (Майкрософт)

Добавляется пакет драйвера:  AlderLakeSystemNorthpeak.inf
Пакет драйвера успешно добавлен.
Опубликованное имя:         oem16.inf

Общее число пакетов драйверов:  1
Добавленные пакеты драйверов:  1
Служебная программа PnP (Майкрософт)

Добавляется пакет драйвера:  AlderLakeSystem.inf
Пакет драйвера успешно добавлен.
Опубликованное имя:         oem17.inf
Установлена актуальная версия пакета драйвера на устройстве: PCI\VEN_8086&DEV_467D&SUBSYS_00000000&REV_01\3&11583659&0&50
Пакет драйвера установлен на устройстве: PCI\VEN_8086&DEV_4601&SUBSYS_00000000&REV_04\3&11583659&0&00

Общее число пакетов драйверов:  1
Добавленные пакеты драйверов:  1
Служебная программа PnP (Майкрософт)

Добавляется пакет драйвера:  AlderLakePCH-PDmaSecExtension.inf
Не удалось добавить пакет драйвера: INF стороннего производителя не содержит информации о подписи.

Общее число пакетов драйверов:  1
Добавленные пакеты драйверов:  0
Служебная программа PnP (Майкрософт)

Добавляется пакет драйвера:  AlderLakePCH-PSystemNorthpeak.inf
Пакет драйвера успешно добавлен.
Опубликованное имя:         oem18.inf

Общее число пакетов драйверов:  1
Добавленные пакеты драйверов:  1
Служебная программа PnP (Майкрософт)

Добавляется пакет драйвера:  AlderLakePCH-PSystemLPSS.inf
Пакет драйвера успешно добавлен.
Опубликованное имя:         oem19.inf
Пакет драйвера установлен на устройстве: PCI\VEN_8086&DEV_51FB&SUBSYS_00000000&REV_01\3&11583659&0&96

Общее число пакетов драйверов:  1
Добавленные пакеты драйверов:  1
Служебная программа PnP (Майкрософт)

Добавляется пакет драйвера:  AlderLakePCH-PSystem.inf
Пакет драйвера успешно добавлен.
Опубликованное имя:         oem20.inf
Пакет драйвера установлен на устройстве: PCI\VEN_8086&DEV_51BC&SUBSYS_00000000&REV_01\3&11583659&0&E0
Пакет драйвера установлен на устройстве: PCI\VEN_8086&DEV_51EF&SUBSYS_00000000&REV_01\3&11583659&0&A2
Пакет драйвера установлен на устройстве: PCI\VEN_8086&DEV_51A4&SUBSYS_00000000&REV_01\3&11583659&0&FD
Необходимо перезагрузить систему для завершения операций установки!
Пакет драйвера установлен на устройстве: PCI\VEN_8086&DEV_51A3&SUBSYS_00000000&REV_01\3&11583659&0&FC
Пакет драйвера установлен на устройстве: PCI\VEN_8086&DEV_51BD&SUBSYS_00000000&REV_01\3&11583659&0&E5

Общее число пакетов драйверов:  1
Добавленные пакеты драйверов:  1
Необходимо перезагрузить систему для завершения операций установки!
Служебная программа PnP (Майкрософт)

Добавляется пакет драйвера:  AlderLakePCH-SSystemNorthpeak.inf
Пакет драйвера успешно добавлен.
Опубликованное имя:         oem21.inf

Общее число пакетов драйверов:  1
Добавленные пакеты драйверов:  1
Служебная программа PnP (Майкрософт)

Добавляется пакет драйвера:  AlderLakePCH-SSystem.inf
Пакет драйвера успешно добавлен.
Опубликованное имя:         oem22.inf

Общее число пакетов драйверов:  1
Добавленные пакеты драйверов:  1
Служебная программа PnP (Майкрософт)

Добавляется пакет драйвера:  iaLPSS2_UART2_ADL.inf
Пакет драйвера успешно добавлен.
Опубликованное имя:         oem23.inf

Общее число пакетов драйверов:  1
Добавленные пакеты драйверов:  1
Служебная программа PnP (Майкрософт)

Добавляется пакет драйвера:  iaLPSS2_SPI_ADL.inf
Пакет драйвера успешно добавлен.
Опубликованное имя:         oem24.inf
Пакет драйвера установлен на устройстве: PCI\VEN_8086&DEV_51FB&SUBSYS_00000000&REV_01\3&11583659&0&96

Общее число пакетов драйверов:  1
Добавленные пакеты драйверов:  1
Служебная программа PnP (Майкрософт)

Добавляется пакет драйвера:  iaLPSS2_I2C_ADL.inf
Пакет драйвера успешно добавлен.
Опубликованное имя:         oem25.inf
Пакет драйвера установлен на устройстве: PCI\VEN_8086&DEV_51E9&SUBSYS_00000000&REV_01\3&11583659&0&A9
Пакет драйвера установлен на устройстве: PCI\VEN_8086&DEV_51C6&SUBSYS_00000000&REV_01\3&11583659&0&C9
Пакет драйвера установлен на устройстве: PCI\VEN_8086&DEV_51E8&SUBSYS_00000000&REV_01\3&11583659&0&A8
Пакет драйвера установлен на устройстве: PCI\VEN_8086&DEV_51C5&SUBSYS_00000000&REV_01\3&11583659&0&C8

Общее число пакетов драйверов:  1
Добавленные пакеты драйверов:  1
Служебная программа PnP (Майкрософт)

Добавляется пакет драйвера:  iaLPSS2_GPIO2_ADL.inf
Пакет драйвера успешно добавлен.
Опубликованное имя:         oem26.inf
Пакет драйвера установлен на устройстве: ACPI\INTC1055\2&daba3ff&0

Общее число пакетов драйверов:  1
Добавленные пакеты драйверов:  1
Служебная программа PnP (Майкрософт)

Добавляется пакет драйвера:  gna.inf
Пакет драйвера успешно добавлен.
Опубликованное имя:         oem27.inf
Пакет драйвера установлен на устройстве: PCI\VEN_8086&DEV_464F&SUBSYS_00000000&REV_04\3&11583659&0&40

Общее число пакетов драйверов:  1
Добавленные пакеты драйверов:  1
Служебная программа PnP (Майкрософт)

Добавляется пакет драйвера:  tbthostcontroller.inf
Пакет драйвера успешно добавлен.
Опубликованное имя:         oem28.inf
Пакет драйвера успешно добавлен.
Опубликованное имя:         oem31.inf
Пакет драйвера успешно добавлен.
Опубликованное имя:         oem29.inf
Пакет драйвера успешно добавлен.
Опубликованное имя:         oem30.inf

Общее число пакетов драйверов:  1
Добавленные пакеты драйверов:  1
Служебная программа PnP (Майкрософт)

Добавляется пакет драйвера:  tbthostcontrollerextension.inf
Пакет драйвера успешно добавлен.
Опубликованное имя:         oem32.inf

Общее число пакетов драйверов:  1
Добавленные пакеты драйверов:  1
Служебная программа PnP (Майкрософт)

Добавляется пакет драйвера:  tbthostcontrollerhsacomponent.inf
Пакет драйвера успешно добавлен. (Уже существует в системе)
Опубликованное имя:         oem31.inf

Общее число пакетов драйверов:  1
Добавленные пакеты драйверов:  1
Служебная программа PnP (Майкрософт)

Добавляется пакет драйвера:  tbtp2pndisdrv.inf
Пакет драйвера успешно добавлен. (Уже существует в системе)
Опубликованное имя:         oem29.inf

Общее число пакетов драйверов:  1
Добавленные пакеты драйверов:  1
Служебная программа PnP (Майкрософт)

Добавляется пакет драйвера:  tbthostcontrollertoastcomponent.inf
Пакет драйвера успешно добавлен. (Уже существует в системе)
Опубликованное имя:         oem30.inf

Общее число пакетов драйверов:  1
Добавленные пакеты драйверов:  1
Служебная программа PnP (Майкрософт)

Добавляется пакет драйвера:  HidEventFilter.inf
Пакет драйвера успешно добавлен.
Опубликованное имя:         oem33.inf
Пакет драйвера установлен на устройстве: ACPI\INTC1070\2&daba3ff&0

Общее число пакетов драйверов:  1
Добавленные пакеты драйверов:  1
Служебная программа PnP (Майкрософт)

Добавляется пакет драйвера:  ish.inf
Пакет драйвера успешно добавлен.
Опубликованное имя:         oem34.inf
Пакет драйвера установлен на устройстве: PCI\VEN_8086&DEV_51FC&SUBSYS_00000000&REV_01\3&11583659&0&90

Общее число пакетов драйверов:  1
Добавленные пакеты драйверов:  1
Служебная программа PnP (Майкрософт)

Добавляется пакет драйвера:  ish_busdriver.inf
Пакет драйвера успешно добавлен.
Опубликованное имя:         oem35.inf
Пакет драйвера установлен на устройстве: {DEA5AE2A-D1FD-438A-A091-CBD484788435}\ISH_BUS\4&2cd27dbe&0&

Общее число пакетов драйверов:  1
Добавленные пакеты драйверов:  1
Служебная программа PnP (Майкрософт)

Добавляется пакет драйвера:  ipf_cpu.inf
Пакет драйвера успешно добавлен.
Опубликованное имя:         oem36.inf
Пакет драйвера установлен на устройстве: PCI\VEN_8086&DEV_461D&SUBSYS_00000000&REV_04\3&11583659&0&20

Общее число пакетов драйверов:  1
Добавленные пакеты драйверов:  1
Служебная программа PnP (Майкрософт)

Добавляется пакет драйвера:  ipf_acpi.inf
Пакет драйвера успешно добавлен.
Опубликованное имя:         oem37.inf
Пакет драйвера установлен на устройстве: ACPI\INTC1046\SEN1
Пакет драйвера установлен на устройстве: ACPI\INTC1046\SEN2
Пакет драйвера установлен на устройстве: ACPI\INTC1046\SEN3
Пакет драйвера установлен на устройстве: ACPI\INTC1048\TFN1
Пакет драйвера установлен на устройстве: ACPI\INTC1041\IETM

Общее число пакетов драйверов:  1
Добавленные пакеты драйверов:  1
Служебная программа PnP (Майкрософт)

Добавляется пакет драйвера:  hid_pci.inf
Пакет драйвера успешно добавлен.
Опубликованное имя:         oem38.inf
Пакет драйвера установлен на устройстве: {DEA5AE2A-D1FD-438A-A091-CBD484788436}\Vid_8087&Pid_0AC2\5&27f2717a&0&00

Общее число пакетов драйверов:  1
Добавленные пакеты драйверов:  1
Служебная программа PnP (Майкрософт)

Добавляется пакет драйвера:  DAL.inf
Пакет драйвера успешно добавлен. (Уже существует в системе)
Опубликованное имя:         oem12.inf
Установлена актуальная версия пакета драйвера на устройстве: SWD\DRIVERENUM\OEM_DAL_component&4&1f952920&0

Общее число пакетов драйверов:  1
Добавленные пакеты драйверов:  0
Служебная программа PnP (Майкрософт)

Добавляется пакет драйвера:  MEWMIProv.inf
Пакет драйвера успешно добавлен.
Опубликованное имя:         oem39.inf
Пакет драйвера установлен на устройстве: SWD\DRIVERENUM\OEM_WMI_component&4&1f952920&0

Общее число пакетов драйверов:  1
Добавленные пакеты драйверов:  1
Служебная программа PnP (Майкрософт)

Добавляется пакет драйвера:  heci.inf
Пакет драйвера успешно добавлен.
Опубликованное имя:         oem40.inf
Пакет драйвера установлен на устройстве: PCI\VEN_8086&DEV_51E0&SUBSYS_00000000&REV_01\3&11583659&0&B0

Общее число пакетов драйверов:  1
Добавленные пакеты драйверов:  1
Служебная программа PnP (Майкрософт)

Добавляется пакет драйвера:  iclsclient.inf
Пакет драйвера успешно добавлен.
Опубликованное имя:         oem41.inf

Общее число пакетов драйверов:  1
Добавленные пакеты драйверов:  1
Служебная программа PnP (Майкрософт)

Добавляется пакет драйвера:  IntcUSB.inf
Пакет драйвера успешно добавлен.
Опубликованное имя:         oem42.inf

Общее число пакетов драйверов:  1
Добавленные пакеты драйверов:  1
Служебная программа PnP (Майкрософт)

Добавляется пакет драйвера:  IntcSST.inf
Пакет драйвера успешно добавлен.
Опубликованное имя:         oem43.inf

Общее число пакетов драйверов:  1
Добавленные пакеты драйверов:  1
Служебная программа PnP (Майкрософт)

Добавляется пакет драйвера:  IntcSdwBus.inf
Пакет драйвера успешно добавлен.
Опубликованное имя:         oem44.inf

Общее число пакетов драйверов:  1
Добавленные пакеты драйверов:  1
Служебная программа PnP (Майкрософт)

Добавляется пакет драйвера:  IntcSDW.inf
Пакет драйвера успешно добавлен.
Опубликованное имя:         oem45.inf

Общее число пакетов драйверов:  1
Добавленные пакеты драйверов:  1
Служебная программа PnP (Майкрософт)

Добавляется пакет драйвера:  IntcOED.inf
Пакет драйвера успешно добавлен.
Опубликованное имя:         oem46.inf

Общее число пакетов драйверов:  1
Добавленные пакеты драйверов:  1
Служебная программа PnP (Майкрософт)

Добавляется пакет драйвера:  IntcDMic.inf
Пакет драйвера успешно добавлен.
Опубликованное имя:         oem47.inf

Общее число пакетов драйверов:  1
Добавленные пакеты драйверов:  1
Служебная программа PnP (Майкрософт)

Добавляется пакет драйвера:  IntcBTAu.inf
Пакет драйвера успешно добавлен.
Опубликованное имя:         oem48.inf

Общее число пакетов драйверов:  1
Добавленные пакеты драйверов:  1
Служебная программа PnP (Майкрософт)

Добавляется пакет драйвера:  IntcAudioBus.inf
Пакет драйвера успешно добавлен.
Опубликованное имя:         oem49.inf
Пакет драйвера успешно добавлен.
Опубликованное имя:         oem50.inf
Пакет драйвера установлен на устройстве: PCI\VEN_8086&DEV_51C8&SUBSYS_02182782&REV_01\3&11583659&0&FB

Общее число пакетов драйверов:  1
Добавленные пакеты драйверов:  1
Служебная программа PnP (Майкрософт)

Добавляется пакет драйвера:  DetectionVerificationDrv.inf
Пакет драйвера успешно добавлен. (Уже существует в системе)
Опубликованное имя:         oem50.inf

Общее число пакетов драйверов:  1
Добавленные пакеты драйверов:  1
Служебная программа PnP (Майкрософт)

Добавляется пакет драйвера:  realtekservice.inf
Пакет драйвера успешно добавлен.
Опубликованное имя:         oem51.inf

Общее число пакетов драйверов:  1
Добавленные пакеты драйверов:  1
Служебная программа PnP (Майкрософт)

Добавляется пакет драйвера:  realtekapo.inf
Пакет драйвера успешно добавлен.
Опубликованное имя:         oem52.inf

Общее число пакетов драйверов:  1
Добавленные пакеты драйверов:  1
Служебная программа PnP (Майкрософт)

Добавляется пакет драйвера:  realtekasio.inf
Пакет драйвера успешно добавлен.
Опубликованное имя:         oem53.inf

Общее число пакетов драйверов:  1
Добавленные пакеты драйверов:  1
Служебная программа PnP (Майкрософт)

Добавляется пакет драйвера:  realtekhsa.inf
Пакет драйвера успешно добавлен.
Опубликованное имя:         oem54.inf

Общее число пакетов драйверов:  1
Добавленные пакеты драйверов:  1
Служебная программа PnP (Майкрософт)

Добавляется пакет драйвера:  hdxsstemdoor.inf
Пакет драйвера успешно добавлен.
Опубликованное имя:         oem55.inf
Пакет драйвера установлен на устройстве: INTELAUDIO\FUNC_01&VEN_10EC&DEV_0269&SUBSYS_27820218&REV_1001\5&d18ad8&0&0001
Пакет драйвера установлен на устройстве: HDAUDIO\FUNC_01&VEN_10EC&DEV_0269&SUBSYS_27820218&REV_1001\4&3958969e&0&0001

Общее число пакетов драйверов:  1
Добавленные пакеты драйверов:  1
Служебная программа PnP (Майкрософт)

Добавляется пакет драйвера:  hdx_emdoorext_rtk.inf
Пакет драйвера успешно добавлен.
Опубликованное имя:         oem56.inf
Пакет драйвера установлен на устройстве: INTELAUDIO\FUNC_01&VEN_10EC&DEV_0269&SUBSYS_27820218&REV_1001\5&d18ad8&0&0001
Пакет драйвера установлен на устройстве: HDAUDIO\FUNC_01&VEN_10EC&DEV_0269&SUBSYS_27820218&REV_1001\4&3958969e&0&0001

Общее число пакетов драйверов:  1
Добавленные пакеты драйверов:  1
Служебная программа PnP (Майкрософт)

Добавляется пакет драйвера:  rtsuer.inf
Пакет драйвера успешно добавлен.
Опубликованное имя:         oem57.inf

Общее число пакетов драйверов:  1
Добавленные пакеты драйверов:  1
Служебная программа PnP (Майкрософт)

Добавляется пакет драйвера:  rtots640x64.inf
Пакет драйвера успешно добавлен.
Опубликованное имя:         oem58.inf

Общее число пакетов драйверов:  1
Добавленные пакеты драйверов:  1
Служебная программа PnP (Майкрософт)

Добавляется пакет драйвера:  rt68dcx21x64.inf
Пакет драйвера успешно добавлен.
Опубликованное имя:         oem59.inf

Общее число пакетов драйверов:  1
Добавленные пакеты драйверов:  1
Служебная программа PnP (Майкрософт)

Добавляется пакет драйвера:  rt68cx21x64.inf
Пакет драйвера успешно добавлен.
Опубликованное имя:         oem60.inf
Установлена актуальная версия пакета драйвера на устройстве: PCI\VEN_10EC&DEV_8168&SUBSYS_816810EC&REV_15\01000000684CE00000

Общее число пакетов драйверов:  1
Добавленные пакеты драйверов:  0
Служебная программа PnP (Майкрософт)

Добавляется пакет драйвера:  rt25dcx21x64.inf
Пакет драйвера успешно добавлен.
Опубликованное имя:         oem61.inf

Общее число пакетов драйверов:  1
Добавленные пакеты драйверов:  1
Служебная программа PnP (Майкрософт)

Добавляется пакет драйвера:  rt25cx21x64.inf
Пакет драйвера успешно добавлен.
Опубликованное имя:         oem62.inf

Общее число пакетов драйверов:  1
Добавленные пакеты драйверов:  1
Служебная программа PnP (Майкрософт)

Добавляется пакет драйвера:  netrtwlane.inf
Пакет драйвера успешно добавлен.
Опубликованное имя:         oem63.inf
Пакет драйвера установлен на устройстве: PCI\VEN_10EC&DEV_C821&SUBSYS_C82110EC&REV_00\00E04CFFFEC8210100

Общее число пакетов драйверов:  1
Добавленные пакеты драйверов:  1
Служебная программа PnP (Майкрософт)

Добавляется пакет драйвера:  Rtkfilter.inf
Пакет драйвера успешно добавлен.
Опубликованное имя:         oem64.inf
Пакет драйвера установлен на устройстве: USB\VID_0BDA&PID_C821\00e04c000001

Общее число пакетов драйверов:  1
Добавленные пакеты драйверов:  1
Служебная программа PnP (Майкрософт)

Добавляется пакет драйвера:  iigd_dch.inf
Пакет драйвера успешно добавлен.
Опубликованное имя:         oem65.inf
Пакет драйвера успешно добавлен.
Опубликованное имя:         oem69.inf
Пакет драйвера успешно добавлен.
Опубликованное имя:         oem67.inf
Пакет драйвера успешно добавлен.
Опубликованное имя:         oem66.inf
Пакет драйвера успешно добавлен.
Опубликованное имя:         oem68.inf
Пакет драйвера установлен на устройстве: PCI\VEN_8086&DEV_51C8&SUBSYS_02182782&REV_01\3&11583659&0&FB
Установлена актуальная версия пакета драйвера на устройстве: {DD8E82AE-334B-49A2-AEAE-AEB0FD5C40DD}\DetectionVerification\5&d18ad8&0&0
Установлена актуальная версия пакета драйвера на устройстве: PCI\VEN_8086&DEV_4628&SUBSYS_27820100&REV_0C\3&11583659&0&10

Общее число пакетов драйверов:  1
Добавленные пакеты драйверов:  1
